Arguments: 
  /usr/local/Cellar/node/18.7.0/bin/node /usr/local/Cellar/yarn/1.22.17_2/libexec/bin/yarn.js global bin

PATH: 
  /Users/yannick/.npm-global/bin:/usr/local/Caskroom/google-cloud-sdk/latest/google-cloud-sdk/bin:/Library/Frameworks/Python.framework/Versions/3.9/bin:/usr/local/bin:/usr/bin:/bin:/usr/sbin:/sbin:/usr/local/MacGPG2/bin:/Applications/Little Snitch.app/Contents/Components:/Library/Apple/usr/bin:/usr/local/opt/openjdk@8/bin:/Users/yannick/.rover/bin:/Users/yannick/.fig/bin:/Users/yannick/.local/bin:/opt/yarn-[version]/bin

Yarn version: 
  1.22.17

Node version: 
  18.7.0

Platform: 
  darwin x64

Trace: 
  Error: Failed to replace env in config: ${GPR_TOKEN}
      at /usr/local/Cellar/yarn/1.22.17_2/libexec/lib/cli.js:99004:13
      at String.replace (<anonymous>)
      at envReplace (/usr/local/Cellar/yarn/1.22.17_2/libexec/lib/cli.js:98999:16)
      at Function.normalizeConfig (/usr/local/Cellar/yarn/1.22.17_2/libexec/lib/cli.js:31930:69)
      at NpmRegistry.<anonymous> (/usr/local/Cellar/yarn/1.22.17_2/libexec/lib/cli.js:31960:34)
      at Generator.next (<anonymous>)
      at step (/usr/local/Cellar/yarn/1.22.17_2/libexec/lib/cli.js:310:30)
      at /usr/local/Cellar/yarn/1.22.17_2/libexec/lib/cli.js:321:13

npm manifest: 
  No manifest

yarn manifest: 
  No manifest

Lockfile: 
  No lockfile
